--------------------------------------------------------------------------------
	Marvellous Infosystems Process Log
	Log file is created at: Sun Jun 15 20:18:24 2025
--------------------------------------------------------------------------------{'pid': 1, 'username': 'root', 'name': 'systemd', 'vms': 74.4296875}
{'pid': 2, 'username': 'root', 'name': 'kthreadd', 'vms': 0.0}
{'pid': 3, 'username': 'root', 'name': 'pool_workqueue_release', 'vms': 0.0}
{'pid': 4, 'username': 'root', 'name': 'kworker/R-rcu_gp', 'vms': 0.0}
{'pid': 5, 'username': 'root', 'name': 'kworker/R-sync_wq', 'vms': 0.0}
{'pid': 6, 'username': 'root', 'name': 'kworker/R-slub_flushwq', 'vms': 0.0}
{'pid': 7, 'username': 'root', 'name': 'kworker/R-netns', 'vms': 0.0}
{'pid': 12, 'username': 'root', 'name': 'kworker/R-mm_percpu_wq', 'vms': 0.0}
{'pid': 14, 'username': 'root', 'name': 'rcu_tasks_kthread', 'vms': 0.0}
{'pid': 15, 'username': 'root', 'name': 'rcu_tasks_rude_kthread', 'vms': 0.0}
{'pid': 16, 'username': 'root', 'name': 'rcu_tasks_trace_kthread', 'vms': 0.0}
{'pid': 17, 'username': 'root', 'name': 'ksoftirqd/0', 'vms': 0.0}
{'pid': 18, 'username': 'root', 'name': 'rcu_preempt', 'vms': 0.0}
{'pid': 19, 'username': 'root', 'name': 'rcu_exp_par_gp_kthread_worker/0', 'vms': 0.0}
{'pid': 20, 'username': 'root', 'name': 'rcu_exp_gp_kthread_worker', 'vms': 0.0}
{'pid': 21, 'username': 'root', 'name': 'migration/0', 'vms': 0.0}
{'pid': 22, 'username': 'root', 'name': 'idle_inject/0', 'vms': 0.0}
{'pid': 23, 'username': 'root', 'name': 'cpuhp/0', 'vms': 0.0}
{'pid': 24, 'username': 'root', 'name': 'cpuhp/1', 'vms': 0.0}
{'pid': 25, 'username': 'root', 'name': 'idle_inject/1', 'vms': 0.0}
{'pid': 26, 'username': 'root', 'name': 'migration/1', 'vms': 0.0}
{'pid': 27, 'username': 'root', 'name': 'ksoftirqd/1', 'vms': 0.0}
{'pid': 30, 'username': 'root', 'name': 'cpuhp/2', 'vms': 0.0}
{'pid': 31, 'username': 'root', 'name': 'idle_inject/2', 'vms': 0.0}
{'pid': 32, 'username': 'root', 'name': 'migration/2', 'vms': 0.0}
{'pid': 33, 'username': 'root', 'name': 'ksoftirqd/2', 'vms': 0.0}
{'pid': 36, 'username': 'root', 'name': 'cpuhp/3', 'vms': 0.0}
{'pid': 37, 'username': 'root', 'name': 'idle_inject/3', 'vms': 0.0}
{'pid': 38, 'username': 'root', 'name': 'migration/3', 'vms': 0.0}
{'pid': 39, 'username': 'root', 'name': 'ksoftirqd/3', 'vms': 0.0}
{'pid': 42, 'username': 'root', 'name': 'cpuhp/4', 'vms': 0.0}
{'pid': 43, 'username': 'root', 'name': 'idle_inject/4', 'vms': 0.0}
{'pid': 44, 'username': 'root', 'name': 'migration/4', 'vms': 0.0}
{'pid': 45, 'username': 'root', 'name': 'ksoftirqd/4', 'vms': 0.0}
{'pid': 48, 'username': 'root', 'name': 'cpuhp/5', 'vms': 0.0}
{'pid': 49, 'username': 'root', 'name': 'idle_inject/5', 'vms': 0.0}
{'pid': 50, 'username': 'root', 'name': 'migration/5', 'vms': 0.0}
{'pid': 51, 'username': 'root', 'name': 'ksoftirqd/5', 'vms': 0.0}
{'pid': 54, 'username': 'root', 'name': 'cpuhp/6', 'vms': 0.0}
{'pid': 55, 'username': 'root', 'name': 'idle_inject/6', 'vms': 0.0}
{'pid': 56, 'username': 'root', 'name': 'migration/6', 'vms': 0.0}
{'pid': 57, 'username': 'root', 'name': 'ksoftirqd/6', 'vms': 0.0}
{'pid': 60, 'username': 'root', 'name': 'cpuhp/7', 'vms': 0.0}
{'pid': 61, 'username': 'root', 'name': 'idle_inject/7', 'vms': 0.0}
{'pid': 62, 'username': 'root', 'name': 'migration/7', 'vms': 0.0}
{'pid': 63, 'username': 'root', 'name': 'ksoftirqd/7', 'vms': 0.0}
{'pid': 66, 'username': 'root', 'name': 'kdevtmpfs', 'vms': 0.0}
{'pid': 67, 'username': 'root', 'name': 'kworker/R-inet_frag_wq', 'vms': 0.0}
{'pid': 68, 'username': 'root', 'name': 'kauditd', 'vms': 0.0}
{'pid': 69, 'username': 'root', 'name': 'oom_reaper', 'vms': 0.0}
{'pid': 71, 'username': 'root', 'name': 'kworker/R-writeback', 'vms': 0.0}
{'pid': 72, 'username': 'root', 'name': 'kcompactd0', 'vms': 0.0}
{'pid': 73, 'username': 'root', 'name': 'ksmd', 'vms': 0.0}
{'pid': 74, 'username': 'root', 'name': 'khugepaged', 'vms': 0.0}
{'pid': 75, 'username': 'root', 'name': 'kworker/R-cryptd', 'vms': 0.0}
{'pid': 76, 'username': 'root', 'name': 'kworker/R-kintegrityd', 'vms': 0.0}
{'pid': 77, 'username': 'root', 'name': 'kworker/R-kblockd', 'vms': 0.0}
{'pid': 78, 'username': 'root', 'name': 'kworker/R-blkcg_punt_bio', 'vms': 0.0}
{'pid': 81, 'username': 'root', 'name': 'irq/9-acpi', 'vms': 0.0}
{'pid': 82, 'username': 'root', 'name': 'kworker/R-tpm_dev_wq', 'vms': 0.0}
{'pid': 83, 'username': 'root', 'name': 'kworker/R-ata_sff', 'vms': 0.0}
{'pid': 84, 'username': 'root', 'name': 'kworker/R-md', 'vms': 0.0}
{'pid': 85, 'username': 'root', 'name': 'kworker/R-md_bitmap', 'vms': 0.0}
{'pid': 86, 'username': 'root', 'name': 'kworker/R-edac-poller', 'vms': 0.0}
{'pid': 87, 'username': 'root', 'name': 'kworker/R-devfreq_wq', 'vms': 0.0}
{'pid': 88, 'username': 'root', 'name': 'watchdogd', 'vms': 0.0}
{'pid': 90, 'username': 'root', 'name': 'kworker/4:1H-events_highpri', 'vms': 0.0}
{'pid': 91, 'username': 'root', 'name': 'kswapd0', 'vms': 0.0}
{'pid': 101, 'username': 'root', 'name': 'kworker/R-kthrotld', 'vms': 0.0}
{'pid': 106, 'username': 'root', 'name': 'irq/125-pciehp', 'vms': 0.0}
{'pid': 107, 'username': 'root', 'name': 'irq/126-pciehp', 'vms': 0.0}
{'pid': 108, 'username': 'root', 'name': 'kworker/R-acpi_thermal_pm', 'vms': 0.0}
{'pid': 110, 'username': 'root', 'name': 'hwrng', 'vms': 0.0}
{'pid': 121, 'username': 'root', 'name': 'kworker/R-dm_bufio_cache', 'vms': 0.0}
{'pid': 122, 'username': 'root', 'name': 'kworker/R-mld', 'vms': 0.0}
{'pid': 123, 'username': 'root', 'name': 'kworker/R-ipv6_addrconf', 'vms': 0.0}
{'pid': 124, 'username': 'root', 'name': 'kworker/0:1H-events_highpri', 'vms': 0.0}
{'pid': 129, 'username': 'root', 'name': 'kworker/R-kstrp', 'vms': 0.0}
{'pid': 288, 'username': 'root', 'name': 'kworker/7:1H-events_highpri', 'vms': 0.0}
{'pid': 290, 'username': 'root', 'name': 'kworker/3:1H-events_highpri', 'vms': 0.0}
{'pid': 331, 'username': 'root', 'name': 'kworker/6:1H-events_highpri', 'vms': 0.0}
{'pid': 333, 'username': 'root', 'name': 'kworker/1:1H-events_highpri', 'vms': 0.0}
{'pid': 337, 'username': 'root', 'name': 'kworker/5:1H-kblockd', 'vms': 0.0}
{'pid': 345, 'username': 'root', 'name': 'kworker/2:1H-kblockd', 'vms': 0.0}
{'pid': 478, 'username': 'root', 'name': 'irq/118-ELAN0676:00', 'vms': 0.0}
{'pid': 512, 'username': 'root', 'name': 'kworker/R-nvme-wq', 'vms': 0.0}
{'pid': 513, 'username': 'root', 'name': 'kworker/R-nvme-reset-wq', 'vms': 0.0}
{'pid': 514, 'username': 'root', 'name': 'kworker/R-nvme-delete-wq', 'vms': 0.0}
{'pid': 515, 'username': 'root', 'name': 'kworker/R-nvme-auth-wq', 'vms': 0.0}
{'pid': 527, 'username': 'root', 'name': 'kworker/R-btrfs-worker', 'vms': 0.0}
{'pid': 528, 'username': 'root', 'name': 'kworker/R-btrfs-delalloc', 'vms': 0.0}
{'pid': 529, 'username': 'root', 'name': 'kworker/R-btrfs-flush_delalloc', 'vms': 0.0}
{'pid': 530, 'username': 'root', 'name': 'kworker/R-btrfs-cache', 'vms': 0.0}
{'pid': 531, 'username': 'root', 'name': 'kworker/R-btrfs-fixup', 'vms': 0.0}
{'pid': 532, 'username': 'root', 'name': 'kworker/R-btrfs-endio', 'vms': 0.0}
{'pid': 533, 'username': 'root', 'name': 'kworker/R-btrfs-endio-meta', 'vms': 0.0}
{'pid': 534, 'username': 'root', 'name': 'kworker/R-btrfs-rmw', 'vms': 0.0}
{'pid': 535, 'username': 'root', 'name': 'kworker/R-btrfs-endio-write', 'vms': 0.0}
{'pid': 536, 'username': 'root', 'name': 'kworker/R-btrfs-compressed-write', 'vms': 0.0}
{'pid': 537, 'username': 'root', 'name': 'kworker/R-btrfs-freespace-write', 'vms': 0.0}
{'pid': 538, 'username': 'root', 'name': 'kworker/R-btrfs-delayed-meta', 'vms': 0.0}
{'pid': 539, 'username': 'root', 'name': 'kworker/R-btrfs-qgroup-rescan', 'vms': 0.0}
{'pid': 540, 'username': 'root', 'name': 'btrfs-cleaner', 'vms': 0.0}
{'pid': 541, 'username': 'root', 'name': 'btrfs-transaction', 'vms': 0.0}
{'pid': 544, 'username': 'root', 'name': 'kworker/R-USBC000:00-con1', 'vms': 0.0}
{'pid': 545, 'username': 'root', 'name': 'kworker/R-ttm', 'vms': 0.0}
{'pid': 546, 'username': 'root', 'name': 'card1-crtc0', 'vms': 0.0}
{'pid': 547, 'username': 'root', 'name': 'card1-crtc1', 'vms': 0.0}
{'pid': 548, 'username': 'root', 'name': 'card1-crtc2', 'vms': 0.0}
{'pid': 549, 'username': 'root', 'name': 'card1-crtc3', 'vms': 0.0}
{'pid': 551, 'username': 'root', 'name': 'kworker/R-USBC000:00-con2', 'vms': 0.0}
{'pid': 657, 'username': 'root', 'name': 'systemd-journald', 'vms': 310.06640625}
{'pid': 685, 'username': 'root', 'name': 'systemd-userdbd', 'vms': 15.85546875}
{'pid': 693, 'username': 'root', 'name': 'psimon', 'vms': 0.0}
{'pid': 715, 'username': 'root', 'name': 'systemd-udevd', 'vms': 37.16796875}
{'pid': 729, 'username': 'root', 'name': 'psimon', 'vms': 0.0}
{'pid': 810, 'username': 'root', 'name': 'kworker/R-ktpacpid', 'vms': 0.0}
{'pid': 815, 'username': 'root', 'name': 'kworker/R-cfg80211', 'vms': 0.0}
{'pid': 836, 'username': 'root', 'name': 'irq/171-iwlwifi:default_queue', 'vms': 0.0}
{'pid': 837, 'username': 'root', 'name': 'irq/172-iwlwifi:queue_1', 'vms': 0.0}
{'pid': 838, 'username': 'root', 'name': 'irq/173-iwlwifi:queue_2', 'vms': 0.0}
{'pid': 839, 'username': 'root', 'name': 'irq/174-iwlwifi:queue_3', 'vms': 0.0}
{'pid': 840, 'username': 'root', 'name': 'irq/175-iwlwifi:queue_4', 'vms': 0.0}
{'pid': 841, 'username': 'root', 'name': 'irq/176-iwlwifi:queue_5', 'vms': 0.0}
{'pid': 842, 'username': 'root', 'name': 'irq/177-iwlwifi:queue_6', 'vms': 0.0}
{'pid': 843, 'username': 'root', 'name': 'irq/178-iwlwifi:queue_7', 'vms': 0.0}
{'pid': 844, 'username': 'root', 'name': 'irq/179-iwlwifi:queue_8', 'vms': 0.0}
{'pid': 845, 'username': 'root', 'name': 'irq/180-iwlwifi:exception', 'vms': 0.0}
{'pid': 892, 'username': 'root', 'name': 'irq/197-AudioDSP', 'vms': 0.0}
{'pid': 900, 'username': 'root', 'name': 'jbd2/nvme0n1p2-8', 'vms': 0.0}
{'pid': 901, 'username': 'root', 'name': 'kworker/R-ext4-rsv-conversion', 'vms': 0.0}
{'pid': 946, 'username': 'systemd-oom', 'name': 'systemd-oomd', 'vms': 16.1484375}
{'pid': 948, 'username': 'systemd-resolve', 'name': 'systemd-resolved', 'vms': 27.109375}
{'pid': 968, 'username': 'root', 'name': 'auditd', 'vms': 19.69921875}
{'pid': 976, 'username': 'dbus', 'name': 'dbus-broker-launch', 'vms': 9.54296875}
{'pid': 977, 'username': 'dbus', 'name': 'dbus-broker', 'vms': 11.54296875}
{'pid': 979, 'username': 'avahi', 'name': 'avahi-daemon', 'vms': 8.5546875}
{'pid': 980, 'username': 'root', 'name': 'bluetoothd', 'vms': 9.40234375}
{'pid': 983, 'username': 'root', 'name': 'low-memory-monitor', 'vms': 295.77734375}
{'pid': 984, 'username': 'root', 'name': 'mcelog', 'vms': 2.609375}
{'pid': 985, 'username': 'polkitd', 'name': 'polkitd', 'vms': 602.1875}
{'pid': 986, 'username': 'rtkit', 'name': 'rtkit-daemon', 'vms': 21.10546875}
{'pid': 987, 'username': 'root', 'name': 'accounts-daemon', 'vms': 518.98046875}
{'pid': 990, 'username': 'root', 'name': 'switcheroo-control', 'vms': 515.62109375}
{'pid': 991, 'username': 'root', 'name': 'systemd-logind', 'vms': 20.4453125}
{'pid': 993, 'username': 'root', 'name': 'systemd-machined', 'vms': 16.27734375}
{'pid': 996, 'username': 'root', 'name': 'udisksd', 'vms': 457.4375}
{'pid': 997, 'username': 'root', 'name': 'upowerd', 'vms': 541.28515625}
{'pid': 1002, 'username': 'avahi', 'name': 'avahi-daemon', 'vms': 7.19140625}
{'pid': 1021, 'username': 'root', 'name': 'psimon', 'vms': 0.0}
{'pid': 1033, 'username': 'root', 'name': 'abrtd', 'vms': 535.8203125}
{'pid': 1053, 'username': 'chrony', 'name': 'chronyd', 'vms': 83.3359375}
{'pid': 1080, 'username': 'root', 'name': 'ModemManager', 'vms': 381.44921875}
{'pid': 1082, 'username': 'root', 'name': 'boltd', 'vms': 517.80859375}
{'pid': 1083, 'username': 'root', 'name': 'firewalld', 'vms': 352.54296875}
{'pid': 1100, 'username': 'root', 'name': 'abrt-dump-journal-core', 'vms': 1063.77734375}
{'pid': 1101, 'username': 'root', 'name': 'abrt-dump-journal-oops', 'vms': 1047.3125}
{'pid': 1102, 'username': 'root', 'name': 'abrt-dump-journal-xorg', 'vms': 1063.10546875}
{'pid': 1105, 'username': 'root', 'name': 'NetworkManager', 'vms': 540.63671875}
{'pid': 1167, 'username': 'root', 'name': 'kworker/R-rpciod', 'vms': 0.0}
{'pid': 1168, 'username': 'root', 'name': 'kworker/R-xprtiod', 'vms': 0.0}
{'pid': 1171, 'username': 'root', 'name': 'alsactl', 'vms': 4.6328125}
{'pid': 1175, 'username': 'root', 'name': 'wpa_supplicant', 'vms': 15.4765625}
{'pid': 1189, 'username': 'root', 'name': 'cupsd', 'vms': 241.96875}
{'pid': 1203, 'username': 'root', 'name': 'gssproxy', 'vms': 270.328125}
{'pid': 1283, 'username': 'root', 'name': 'gdm', 'vms': 520.12109375}
{'pid': 1316, 'username': 'root', 'name': 'uresourced', 'vms': 298.65625}
{'pid': 1416, 'username': 'colord', 'name': 'colord', 'vms': 522.66015625}
{'pid': 1582, 'username': 'root', 'name': 'pcscd', 'vms': 1859.01953125}
{'pid': 1843, 'username': 'root', 'name': 'krfcommd', 'vms': 0.0}
{'pid': 1926, 'username': 'root', 'name': 'power-profiles-daemon', 'vms': 517.859375}
{'pid': 1973, 'username': 'root', 'name': 'gdm-session-worker', 'vms': 675.16796875}
{'pid': 2000, 'username': 'visawant', 'name': 'systemd', 'vms': 29.90234375}
{'pid': 2008, 'username': 'visawant', 'name': '(sd-pam)', 'vms': 16.30859375}
{'pid': 2040, 'username': 'visawant', 'name': 'gnome-keyring-daemon', 'vms': 594.0234375}
{'pid': 2074, 'username': 'visawant', 'name': 'gdm-wayland-session', 'vms': 443.01171875}
{'pid': 2078, 'username': 'visawant', 'name': 'dbus-broker-launch', 'vms': 9.17578125}
{'pid': 2085, 'username': 'visawant', 'name': 'dbus-broker', 'vms': 8.6875}
{'pid': 2089, 'username': 'visawant', 'name': 'gnome-session-binary', 'vms': 543.1953125}
{'pid': 2193, 'username': 'visawant', 'name': 'gnome-session-ctl', 'vms': 300.9140625}
{'pid': 2198, 'username': 'visawant', 'name': 'uresourced', 'vms': 309.8984375}
{'pid': 2200, 'username': 'visawant', 'name': 'gnome-session-binary', 'vms': 1024.265625}
{'pid': 2204, 'username': 'visawant', 'name': 'gvfsd', 'vms': 524.7578125}
{'pid': 2214, 'username': 'visawant', 'name': 'gvfsd-fuse', 'vms': 661.79296875}
{'pid': 2224, 'username': 'visawant', 'name': 'pipewire', 'vms': 324.4765625}
{'pid': 2229, 'username': 'visawant', 'name': 'wireplumber', 'vms': 749.1171875}
{'pid': 2266, 'username': 'visawant', 'name': 'gnome-shell', 'vms': 6332.46875}
{'pid': 2365, 'username': 'visawant', 'name': 'at-spi-bus-launcher', 'vms': 371.79296875}
{'pid': 2371, 'username': 'visawant', 'name': 'dbus-broker-launch', 'vms': 8.93359375}
{'pid': 2372, 'username': 'visawant', 'name': 'dbus-broker', 'vms': 4.91015625}
{'pid': 2374, 'username': 'visawant', 'name': 'at-spi2-registryd', 'vms': 228.25390625}
{'pid': 2391, 'username': 'visawant', 'name': 'xdg-permission-store', 'vms': 515.50390625}
{'pid': 2392, 'username': 'visawant', 'name': 'gnome-shell-calendar-server', 'vms': 650.640625}
{'pid': 2404, 'username': 'visawant', 'name': 'dconf-service', 'vms': 224.9140625}
{'pid': 2405, 'username': 'visawant', 'name': 'evolution-source-registry', 'vms': 1473.79296875}
{'pid': 2421, 'username': 'visawant', 'name': 'gjs', 'vms': 3097.65625}
{'pid': 2436, 'username': 'visawant', 'name': 'ibus-daemon', 'vms': 597.73046875}
{'pid': 2445, 'username': 'visawant', 'name': 'gsd-a11y-settings', 'vms': 587.50390625}
{'pid': 2451, 'username': 'visawant', 'name': 'gsd-color', 'vms': 690.90625}
{'pid': 2453, 'username': 'visawant', 'name': 'gsd-datetime', 'vms': 603.97265625}
{'pid': 2457, 'username': 'visawant', 'name': 'gsd-housekeeping', 'vms': 662.52734375}
{'pid': 2460, 'username': 'visawant', 'name': 'gsd-keyboard', 'vms': 689.69140625}
{'pid': 2464, 'username': 'visawant', 'name': 'gsd-media-keys', 'vms': 968.1953125}
{'pid': 2466, 'username': 'visawant', 'name': 'gsd-power', 'vms': 830.86328125}
{'pid': 2470, 'username': 'visawant', 'name': 'gsd-print-notifications', 'vms': 752.0234375}
{'pid': 2473, 'username': 'visawant', 'name': 'gsd-rfkill', 'vms': 731.52734375}
{'pid': 2482, 'username': 'visawant', 'name': 'gsd-screensaver-proxy', 'vms': 515.16015625}
{'pid': 2486, 'username': 'visawant', 'name': 'gsd-sharing', 'vms': 742.44921875}
{'pid': 2487, 'username': 'visawant', 'name': 'gsd-smartcard', 'vms': 596.27734375}
{'pid': 2490, 'username': 'visawant', 'name': 'gsd-sound', 'vms': 595.3046875}
{'pid': 2495, 'username': 'visawant', 'name': 'gsd-disk-utility-notify', 'vms': 298.359375}
{'pid': 2498, 'username': 'visawant', 'name': 'gsd-usb-protection', 'vms': 733.53125}
{'pid': 2499, 'username': 'visawant', 'name': 'gsd-wacom', 'vms': 690.62109375}
{'pid': 2529, 'username': 'visawant', 'name': 'evolution-alarm-notify', 'vms': 1252.0390625}
{'pid': 2546, 'username': 'visawant', 'name': 'abrt-applet', 'vms': 557.66796875}
{'pid': 2576, 'username': 'visawant', 'name': 'gnome-software', 'vms': 4929.37890625}
{'pid': 2611, 'username': 'visawant', 'name': 'ibus-dconf', 'vms': 516.1328125}
{'pid': 2612, 'username': 'visawant', 'name': 'ibus-extension-gtk3', 'vms': 698.09375}
{'pid': 2664, 'username': 'visawant', 'name': 'ibus-portal', 'vms': 937.04296875}
{'pid': 2665, 'username': 'visawant', 'name': 'goa-daemon', 'vms': 714.3125}
{'pid': 2666, 'username': 'visawant', 'name': 'gjs', 'vms': 3089.57421875}
{'pid': 2669, 'username': 'visawant', 'name': 'glib-pacrunner', 'vms': 1995.8203125}
{'pid': 2670, 'username': 'visawant', 'name': 'gvfs-udisks2-volume-monitor', 'vms': 604.13671875}
{'pid': 2676, 'username': 'visawant', 'name': 'gvfsd-metadata', 'vms': 444.44140625}
{'pid': 2707, 'username': 'visawant', 'name': 'gsd-printer', 'vms': 626.9609375}
{'pid': 2734, 'username': 'visawant', 'name': 'goa-identity-service', 'vms': 598.11328125}
{'pid': 2739, 'username': 'visawant', 'name': 'gvfs-mtp-volume-monitor', 'vms': 515.546875}
{'pid': 2745, 'username': 'visawant', 'name': 'evolution-calendar-factory', 'vms': 2164.53515625}
{'pid': 2756, 'username': 'visawant', 'name': 'gvfs-gphoto2-volume-monitor', 'vms': 517.328125}
{'pid': 2770, 'username': 'visawant', 'name': 'gvfs-goa-volume-monitor', 'vms': 516.0625}
{'pid': 2789, 'username': 'visawant', 'name': 'gvfs-afc-volume-monitor', 'vms': 593.94921875}
{'pid': 2807, 'username': 'root', 'name': 'abrt-dbus', 'vms': 536.30859375}
{'pid': 2833, 'username': 'visawant', 'name': 'ibus-engine-simple', 'vms': 444.95703125}
{'pid': 2880, 'username': 'visawant', 'name': 'pipewire-pulse', 'vms': 356.6640625}
{'pid': 2925, 'username': 'visawant', 'name': 'xdg-desktop-portal', 'vms': 1284.98046875}
{'pid': 2938, 'username': 'visawant', 'name': 'xdg-document-portal', 'vms': 1143.54296875}
{'pid': 2947, 'username': 'visawant', 'name': 'fusermount3', 'vms': 2.50390625}
{'pid': 2961, 'username': 'visawant', 'name': 'evolution-addressbook-factory', 'vms': 1491.23828125}
{'pid': 2967, 'username': 'visawant', 'name': 'xdg-desktop-portal-gnome', 'vms': 2067.21484375}
{'pid': 3038, 'username': 'visawant', 'name': 'xdg-desktop-portal-gtk', 'vms': 632.19140625}
{'pid': 3117, 'username': 'passim', 'name': 'passimd', 'vms': 660.62109375}
{'pid': 3248, 'username': 'visawant', 'name': 'python3', 'vms': 751.34375}
{'pid': 3798, 'username': 'visawant', 'name': 'gnome-calendar', 'vms': 1380.14453125}
{'pid': 3809, 'username': 'visawant', 'name': 'firefox', 'vms': 227.21484375}
{'pid': 3838, 'username': 'visawant', 'name': 'gvfsd-trash', 'vms': 741.203125}
{'pid': 3883, 'username': 'visawant', 'name': 'obexd', 'vms': 45.796875}
{'pid': 3903, 'username': 'visawant', 'name': 'tracker-miner-fs-3', 'vms': 1552.11328125}
{'pid': 3955, 'username': 'visawant', 'name': 'flatpak-session-helper', 'vms': 515.47265625}
{'pid': 3960, 'username': 'visawant', 'name': 'p11-kit-server', 'vms': 6.20703125}
{'pid': 3996, 'username': 'visawant', 'name': 'flatpak-portal', 'vms': 534.1640625}
{'pid': 4100, 'username': 'visawant', 'name': 'Xwayland', 'vms': 691.453125}
{'pid': 4115, 'username': 'visawant', 'name': 'gsd-xsettings', 'vms': 1069.4296875}
{'pid': 4140, 'username': 'visawant', 'name': 'ibus-x11', 'vms': 619.17578125}
{'pid': 4167, 'username': 'visawant', 'name': 'mutter-x11-frames', 'vms': 1374.78125}
{'pid': 11411, 'username': 'visawant', 'name': 'chrome', 'vms': 34693.21875}
{'pid': 11417, 'username': 'visawant', 'name': 'cat', 'vms': 221.75}
{'pid': 11418, 'username': 'visawant', 'name': 'cat', 'vms': 221.75}
{'pid': 11419, 'username': 'visawant', 'name': 'cgroupify', 'vms': 4.7421875}
{'pid': 11422, 'username': 'visawant', 'name': 'chrome_crashpad_handler', 'vms': 32790.14453125}
{'pid': 11424, 'username': 'visawant', 'name': 'chrome_crashpad_handler', 'vms': 32782.125}
{'pid': 11430, 'username': 'visawant', 'name': 'chrome', 'vms': 33615.390625}
{'pid': 11431, 'username': 'visawant', 'name': 'chrome', 'vms': 33615.37890625}
{'pid': 11433, 'username': 'visawant', 'name': 'chrome', 'vms': 33615.40234375}
{'pid': 11461, 'username': 'visawant', 'name': 'chrome', 'vms': 34393.5546875}
{'pid': 11463, 'username': 'visawant', 'name': 'chrome', 'vms': 33395.02734375}
{'pid': 11473, 'username': 'visawant', 'name': 'chrome', 'vms': 33685.38671875}
{'pid': 11508, 'username': 'visawant', 'name': 'chrome', 'vms': 1184241.26953125}
{'pid': 11533, 'username': 'visawant', 'name': 'chrome', 'vms': 1185910.38671875}
{'pid': 11595, 'username': 'visawant', 'name': 'chrome', 'vms': 1184290.59375}
{'pid': 11981, 'username': 'visawant', 'name': 'chrome', 'vms': 33438.3671875}
{'pid': 12506, 'username': 'visawant', 'name': 'chrome', 'vms': 1184211.9140625}
{'pid': 13109, 'username': 'visawant', 'name': 'chrome', 'vms': 1185928.0390625}
{'pid': 13216, 'username': 'visawant', 'name': 'chrome', 'vms': 1185911.87890625}
{'pid': 13244, 'username': 'visawant', 'name': 'chrome', 'vms': 1184234.33203125}
{'pid': 13369, 'username': 'visawant', 'name': 'chrome', 'vms': 1184217.453125}
{'pid': 13408, 'username': 'visawant', 'name': 'chrome', 'vms': 1184247.42578125}
{'pid': 13759, 'username': 'visawant', 'name': 'gvfsd-network', 'vms': 669.765625}
{'pid': 13768, 'username': 'visawant', 'name': 'gvfsd-dnssd', 'vms': 599.52734375}
{'pid': 13774, 'username': 'visawant', 'name': 'gvfsd-wsdd', 'vms': 598.16015625}
{'pid': 13779, 'username': 'visawant', 'name': 'wsdd', 'vms': 256.95703125}
{'pid': 36108, 'username': 'visawant', 'name': 'bwrap', 'vms': 3.5859375}
{'pid': 36125, 'username': 'visawant', 'name': 'bwrap', 'vms': 3.5859375}
{'pid': 36126, 'username': 'visawant', 'name': 'xdg-dbus-proxy', 'vms': 446.4921875}
{'pid': 36129, 'username': 'visawant', 'name': 'bwrap', 'vms': 3.59375}
{'pid': 36130, 'username': 'visawant', 'name': 'com.slack.Slack', 'vms': 7.546875}
{'pid': 36132, 'username': 'visawant', 'name': 'slack', 'vms': 1426528.85546875}
{'pid': 36140, 'username': 'visawant', 'name': 'slack', 'vms': 33273.953125}
{'pid': 36142, 'username': 'visawant', 'name': 'zypak-sandbox', 'vms': 0.0}
{'pid': 36144, 'username': 'visawant', 'name': 'cat', 'vms': 5.7109375}
{'pid': 36145, 'username': 'visawant', 'name': 'cat', 'vms': 5.7109375}
{'pid': 36147, 'username': 'visawant', 'name': 'bwrap', 'vms': 3.5859375}
{'pid': 36159, 'username': 'visawant', 'name': 'bwrap', 'vms': 3.5859375}
{'pid': 36160, 'username': 'visawant', 'name': 'slack', 'vms': 33276.6015625}
{'pid': 36180, 'username': 'visawant', 'name': 'chrome_crashpad_handler', 'vms': 32788.88671875}
{'pid': 36193, 'username': 'visawant', 'name': 'slack', 'vms': 33672.671875}
{'pid': 36202, 'username': 'visawant', 'name': 'slack', 'vms': 33098.60546875}
{'pid': 36260, 'username': 'visawant', 'name': 'p11-kit-remote', 'vms': 18.30859375}
{'pid': 36282, 'username': 'visawant', 'name': 'slack', 'vms': 33141.5390625}
{'pid': 36909, 'username': 'visawant', 'name': 'nm-openvpn-auth', 'vms': 0.0}
{'pid': 37697, 'username': 'visawant', 'name': 'chrome', 'vms': 1187563.52734375}
{'pid': 37710, 'username': 'visawant', 'name': 'chrome', 'vms': 1185906.76171875}
{'pid': 38115, 'username': 'visawant', 'name': 'gnome-terminal-server', 'vms': 892.9609375}
{'pid': 38125, 'username': 'visawant', 'name': 'bash', 'vms': 226.265625}
{'pid': 44058, 'username': 'root', 'name': 'snapd', 'vms': 2232.82421875}
{'pid': 46140, 'username': 'visawant', 'name': 'bash', 'vms': 224.85546875}
{'pid': 46167, 'username': 'visawant', 'name': 'bash', 'vms': 226.20703125}
{'pid': 46214, 'username': 'visawant', 'name': 'tail', 'vms': 221.64453125}
{'pid': 46219, 'username': 'visawant', 'name': 'ssh-agent', 'vms': 7.84375}
{'pid': 49113, 'username': 'visawant', 'name': 'gvfsd-http', 'vms': 534.19921875}
{'pid': 50193, 'username': 'visawant', 'name': 'gnome-text-editor', 'vms': 1972.8125}
{'pid': 52793, 'username': 'visawant', 'name': 'bash', 'vms': 224.7265625}
{'pid': 66522, 'username': 'visawant', 'name': 'chrome', 'vms': 1184256.203125}
{'pid': 104257, 'username': 'visawant', 'name': 'pycharm', 'vms': 9489.6953125}
{'pid': 129752, 'username': 'visawant', 'name': 'gvfsd-recent', 'vms': 597.22265625}
{'pid': 148894, 'username': 'visawant', 'name': 'nm-openvpn-auth', 'vms': 0.0}
{'pid': 148921, 'username': 'visawant', 'name': 'nm-openvpn-auth', 'vms': 0.0}
{'pid': 177403, 'username': 'visawant', 'name': 'nm-openvpn-auth', 'vms': 0.0}
{'pid': 199453, 'username': 'visawant', 'name': 'nm-openvpn-auth', 'vms': 0.0}
{'pid': 223453, 'username': 'visawant', 'name': 'nm-openvpn-auth', 'vms': 0.0}
{'pid': 234804, 'username': 'visawant', 'name': 'bash', 'vms': 225.7578125}
{'pid': 243361, 'username': 'visawant', 'name': 'bash', 'vms': 224.7265625}
{'pid': 248503, 'username': 'visawant', 'name': 'chrome', 'vms': 1185924.53515625}
{'pid': 249679, 'username': 'visawant', 'name': 'nm-openvpn-auth', 'vms': 0.0}
{'pid': 261265, 'username': 'visawant', 'name': 'bash', 'vms': 226.015625}
{'pid': 337444, 'username': 'visawant', 'name': 'chrome', 'vms': 1185918.8984375}
{'pid': 337955, 'username': 'visawant', 'name': 'chrome', 'vms': 1184263.171875}
{'pid': 338421, 'username': 'visawant', 'name': 'gpg-agent', 'vms': 439.44921875}
{'pid': 338423, 'username': 'visawant', 'name': 'scdaemon', 'vms': 295.77734375}
{'pid': 345885, 'username': 'visawant', 'name': 'nm-openvpn-auth', 'vms': 0.0}
{'pid': 349574, 'username': 'visawant', 'name': 'nm-openvpn-auth', 'vms': 0.0}
{'pid': 388320, 'username': 'visawant', 'name': 'nm-openvpn-auth', 'vms': 0.0}
{'pid': 392239, 'username': 'visawant', 'name': 'chrome', 'vms': 1185916.61328125}
{'pid': 399582, 'username': 'visawant', 'name': 'nm-openvpn-auth', 'vms': 0.0}
{'pid': 402475, 'username': 'visawant', 'name': 'jcef_helper', 'vms': 33508.77734375}
{'pid': 402476, 'username': 'visawant', 'name': 'jcef_helper', 'vms': 33508.765625}
{'pid': 402478, 'username': 'visawant', 'name': 'jcef_helper', 'vms': 33508.796875}
{'pid': 402494, 'username': 'visawant', 'name': 'jcef_helper', 'vms': 34974.984375}
{'pid': 402620, 'username': 'visawant', 'name': 'jcef_helper', 'vms': 1133.59375}
{'pid': 402928, 'username': 'visawant', 'name': 'jcef_helper', 'vms': 33797.30859375}
{'pid': 402934, 'username': 'visawant', 'name': 'jcef_helper', 'vms': 49227.81640625}
{'pid': 412422, 'username': 'visawant', 'name': 'nm-openvpn-auth', 'vms': 0.0}
{'pid': 423527, 'username': 'visawant', 'name': 'firefox', 'vms': 227.21484375}
{'pid': 423668, 'username': 'visawant', 'name': 'firefox', 'vms': 12367.828125}
{'pid': 423749, 'username': 'visawant', 'name': 'Socket Process', 'vms': 206.8125}
{'pid': 423780, 'username': 'visawant', 'name': 'Privileged Cont', 'vms': 3194.4375}
{'pid': 423784, 'username': 'visawant', 'name': 'RDD Process', 'vms': 458.9609375}
{'pid': 423843, 'username': 'visawant', 'name': 'WebExtensions', 'vms': 19376.734375}
{'pid': 423885, 'username': 'visawant', 'name': 'Utility Process', 'vms': 327.4375}
{'pid': 423917, 'username': 'visawant', 'name': 'Isolated Web Co', 'vms': 3052.77734375}
{'pid': 424073, 'username': 'visawant', 'name': 'Isolated Web Co', 'vms': 2651.98046875}
{'pid': 424140, 'username': 'visawant', 'name': 'Isolated Web Co', 'vms': 2807.88671875}
{'pid': 431985, 'username': 'visawant', 'name': 'nm-openvpn-auth', 'vms': 0.0}
{'pid': 440377, 'username': 'visawant', 'name': 'chrome', 'vms': 1184200.4375}
{'pid': 443580, 'username': 'visawant', 'name': 'nm-openvpn-auth', 'vms': 0.0}
{'pid': 456973, 'username': 'visawant', 'name': 'nm-openvpn-auth', 'vms': 0.0}
{'pid': 458856, 'username': 'visawant', 'name': 'Isolated Web Co', 'vms': 3476.9296875}
{'pid': 463625, 'username': 'visawant', 'name': 'python', 'vms': 574.7578125}
{'pid': 466896, 'username': 'visawant', 'name': 'nm-openvpn-auth', 'vms': 0.0}
{'pid': 480197, 'username': 'visawant', 'name': 'nm-openvpn-auth', 'vms': 0.0}
{'pid': 518588, 'username': 'visawant', 'name': 'nm-openvpn-auth', 'vms': 0.0}
{'pid': 544949, 'username': 'visawant', 'name': 'slack', 'vms': 1427264.05078125}
{'pid': 545573, 'username': 'visawant', 'name': 'nm-openvpn-auth', 'vms': 0.0}
{'pid': 550410, 'username': 'visawant', 'name': 'chrome', 'vms': 1184233.27734375}
{'pid': 550474, 'username': 'visawant', 'name': 'chrome', 'vms': 1184242.2109375}
{'pid': 554372, 'username': 'visawant', 'name': 'nm-openvpn-auth', 'vms': 0.0}
{'pid': 585065, 'username': 'visawant', 'name': 'nm-openvpn-auth', 'vms': 0.0}
{'pid': 637126, 'username': 'visawant', 'name': 'chrome', 'vms': 1184224.203125}
{'pid': 643849, 'username': 'visawant', 'name': 'nm-openvpn-auth', 'vms': 0.0}
{'pid': 648377, 'username': 'root', 'name': 'psimon', 'vms': 0.0}
{'pid': 651004, 'username': 'visawant', 'name': 'nm-openvpn-auth', 'vms': 0.0}
{'pid': 652059, 'username': 'visawant', 'name': 'chrome', 'vms': 1184219.22265625}
{'pid': 652095, 'username': 'visawant', 'name': 'chrome', 'vms': 1187596.5234375}
{'pid': 667600, 'username': 'visawant', 'name': 'chrome', 'vms': 1184210.96484375}
{'pid': 668093, 'username': 'visawant', 'name': 'chrome', 'vms': 1184202.5625}
{'pid': 668802, 'username': 'visawant', 'name': 'chrome', 'vms': 1186191.5}
{'pid': 681688, 'username': 'visawant', 'name': 'chrome', 'vms': 1185921.0390625}
{'pid': 711468, 'username': 'visawant', 'name': 'nm-openvpn-auth', 'vms': 0.0}
{'pid': 712742, 'username': 'visawant', 'name': 'chrome', 'vms': 1184238.03125}
{'pid': 713470, 'username': 'visawant', 'name': 'chrome', 'vms': 1184222.828125}
{'pid': 726533, 'username': 'root', 'name': 'kworker/4:2H', 'vms': 0.0}
{'pid': 727873, 'username': 'visawant', 'name': 'chrome', 'vms': 1185911.64453125}
{'pid': 727878, 'username': 'visawant', 'name': 'chrome', 'vms': 1185899.7265625}
{'pid': 727902, 'username': 'visawant', 'name': 'chrome', 'vms': 1184250.3828125}
{'pid': 727934, 'username': 'visawant', 'name': 'chrome', 'vms': 1184210.203125}
{'pid': 727946, 'username': 'visawant', 'name': 'chrome', 'vms': 1185901.109375}
{'pid': 728820, 'username': 'visawant', 'name': 'chrome', 'vms': 1185901.55859375}
{'pid': 738218, 'username': 'visawant', 'name': 'chrome', 'vms': 1184203.63671875}
{'pid': 746937, 'username': 'root', 'name': 'kworker/6:0H', 'vms': 0.0}
{'pid': 756190, 'username': 'visawant', 'name': 'chrome', 'vms': 1184212.53515625}
{'pid': 764910, 'username': 'visawant', 'name': 'chrome', 'vms': 1184200.37890625}
{'pid': 765111, 'username': 'visawant', 'name': 'chrome', 'vms': 1184221.6875}
{'pid': 766147, 'username': 'visawant', 'name': 'chrome', 'vms': 1184215.87109375}
{'pid': 768066, 'username': 'visawant', 'name': 'sd_espeak-ng-mbrola', 'vms': 318.24609375}
{'pid': 768069, 'username': 'visawant', 'name': 'sd_espeak-ng', 'vms': 318.1640625}
{'pid': 768072, 'username': 'visawant', 'name': 'sd_dummy', 'vms': 156.1015625}
{'pid': 768075, 'username': 'visawant', 'name': 'speech-dispatcher', 'vms': 327.0625}
{'pid': 793443, 'username': 'visawant', 'name': 'bash', 'vms': 226.01171875}
{'pid': 794178, 'username': 'root', 'name': 'kworker/1:2H', 'vms': 0.0}
{'pid': 799520, 'username': 'visawant', 'name': 'Isolated Web Co', 'vms': 2812.97265625}
{'pid': 801975, 'username': 'visawant', 'name': 'chrome', 'vms': 1185919.38671875}
{'pid': 802070, 'username': 'visawant', 'name': 'chrome', 'vms': 1184217.515625}
{'pid': 802097, 'username': 'visawant', 'name': 'chrome', 'vms': 1184168.1015625}
{'pid': 802358, 'username': 'visawant', 'name': 'chrome', 'vms': 1184159.97265625}
{'pid': 823290, 'username': 'root', 'name': 'kworker/2:0H', 'vms': 0.0}
{'pid': 835113, 'username': 'root', 'name': 'kworker/5:0H', 'vms': 0.0}
{'pid': 836595, 'username': 'root', 'name': 'kworker/3:0H', 'vms': 0.0}
{'pid': 839556, 'username': 'root', 'name': 'kworker/7:0H', 'vms': 0.0}
{'pid': 840985, 'username': 'root', 'name': 'kworker/u33:1-i915_flip', 'vms': 0.0}
{'pid': 847850, 'username': 'visawant', 'name': 'Isolated Web Co', 'vms': 2742.8046875}
{'pid': 847952, 'username': 'visawant', 'name': 'Isolated Web Co', 'vms': 2760.390625}
{'pid': 848521, 'username': 'root', 'name': 'fwupd', 'vms': 647.515625}
{'pid': 848756, 'username': 'root', 'name': 'agetty', 'vms': 224.265625}
{'pid': 850669, 'username': 'visawant', 'name': 'bash', 'vms': 224.7265625}
{'pid': 850697, 'username': 'visawant', 'name': 'python', 'vms': 241.3984375}
{'pid': 850710, 'username': 'visawant', 'name': 'Isolated Web Co', 'vms': 2702.85546875}
{'pid': 854140, 'username': 'visawant', 'name': 'Isolated Web Co', 'vms': 2751.47265625}
{'pid': 854692, 'username': 'root', 'name': 'kworker/4:2-events', 'vms': 0.0}
{'pid': 855708, 'username': 'visawant', 'name': 'Isolated Servic', 'vms': 2593.703125}
{'pid': 855763, 'username': 'visawant', 'name': 'Web Content', 'vms': 2569.04296875}
{'pid': 855831, 'username': 'visawant', 'name': 'Web Content', 'vms': 2569.04296875}
{'pid': 855942, 'username': 'visawant', 'name': 'Web Content', 'vms': 2569.04296875}
{'pid': 856092, 'username': 'root', 'name': 'kworker/u32:43-btrfs-endio-write', 'vms': 0.0}
{'pid': 856278, 'username': 'root', 'name': 'irq/143-mei_me', 'vms': 0.0}
{'pid': 856350, 'username': 'root', 'name': 'sssd_kcm', 'vms': 241.140625}
{'pid': 856598, 'username': 'root', 'name': 'kworker/0:2H', 'vms': 0.0}
{'pid': 856705, 'username': 'root', 'name': 'kworker/3:0-i915-unordered', 'vms': 0.0}
{'pid': 857171, 'username': 'root', 'name': 'kworker/2:2-events', 'vms': 0.0}
{'pid': 857826, 'username': 'root', 'name': 'kworker/u32:3-btrfs-endio-write', 'vms': 0.0}
{'pid': 858880, 'username': 'root', 'name': 'kworker/0:1-i915-unordered', 'vms': 0.0}
{'pid': 859098, 'username': 'root', 'name': 'kworker/u32:5-flush-btrfs-1', 'vms': 0.0}
{'pid': 859208, 'username': 'visawant', 'name': 'bash', 'vms': 224.83984375}
{'pid': 859241, 'username': 'root', 'name': 'kworker/7:0-mm_percpu_wq', 'vms': 0.0}
{'pid': 860727, 'username': 'root', 'name': 'kworker/u32:6-btrfs-endio-write', 'vms': 0.0}
{'pid': 861018, 'username': 'root', 'name': 'kworker/u32:4-events_unbound', 'vms': 0.0}
{'pid': 861337, 'username': 'root', 'name': 'kworker/u32:1-btrfs-endio-write', 'vms': 0.0}
{'pid': 861494, 'username': 'root', 'name': 'kworker/1:1-events', 'vms': 0.0}
{'pid': 861780, 'username': 'root', 'name': 'kworker/4:1', 'vms': 0.0}
{'pid': 861930, 'username': 'root', 'name': 'kworker/1:0-mm_percpu_wq', 'vms': 0.0}
{'pid': 861983, 'username': 'visawant', 'name': 'bwrap', 'vms': 3.5859375}
{'pid': 861984, 'username': 'visawant', 'name': 'xdg-dbus-proxy', 'vms': 515.15625}
{'pid': 861987, 'username': 'visawant', 'name': 'bwrap', 'vms': 3.59375}
{'pid': 862012, 'username': 'visawant', 'name': 'code', 'vms': 1427158.4296875}
{'pid': 862020, 'username': 'visawant', 'name': 'code', 'vms': 33260.1484375}
{'pid': 862022, 'username': 'visawant', 'name': 'zypak-sandbox', 'vms': 0.0}
{'pid': 862024, 'username': 'visawant', 'name': 'cat', 'vms': 5.7109375}
{'pid': 862025, 'username': 'visawant', 'name': 'cat', 'vms': 5.7109375}
{'pid': 862027, 'username': 'visawant', 'name': 'bwrap', 'vms': 3.5859375}
{'pid': 862041, 'username': 'visawant', 'name': 'bwrap', 'vms': 3.59375}
{'pid': 862042, 'username': 'visawant', 'name': 'code', 'vms': 33262.78515625}
{'pid': 862069, 'username': 'visawant', 'name': 'chrome_crashpad_handler', 'vms': 32788.984375}
{'pid': 862086, 'username': 'visawant', 'name': 'code', 'vms': 33650.62109375}
{'pid': 862093, 'username': 'visawant', 'name': 'code', 'vms': 33069.16015625}
{'pid': 862134, 'username': 'visawant', 'name': 'code', 'vms': 1435593.3671875}
{'pid': 862153, 'username': 'visawant', 'name': 'code', 'vms': 1426906.96484375}
{'pid': 862164, 'username': 'visawant', 'name': 'code', 'vms': 1426905.48046875}
{'pid': 862166, 'username': 'visawant', 'name': 'code', 'vms': 1426922.02734375}
{'pid': 862211, 'username': 'root', 'name': 'kworker/u32:8-btrfs-endio-write', 'vms': 0.0}
{'pid': 862212, 'username': 'visawant', 'name': 'code', 'vms': 1426922.20703125}
{'pid': 862232, 'username': 'visawant', 'name': 'pet', 'vms': 5.1484375}
{'pid': 862368, 'username': 'visawant', 'name': 'sh', 'vms': 7.93359375}
{'pid': 862370, 'username': 'visawant', 'name': 'sh', 'vms': 7.93359375}
{'pid': 862419, 'username': 'visawant', 'name': 'code', 'vms': 1431876.58984375}
{'pid': 862574, 'username': 'root', 'name': 'kworker/u33:2', 'vms': 0.0}
{'pid': 862682, 'username': 'root', 'name': 'kworker/5:6', 'vms': 0.0}
{'pid': 862683, 'username': 'root', 'name': 'kworker/5:7-events', 'vms': 0.0}
{'pid': 862955, 'username': 'root', 'name': 'kworker/u32:7-flush-btrfs-1', 'vms': 0.0}
{'pid': 863120, 'username': 'root', 'name': 'kworker/6:0-i915-unordered', 'vms': 0.0}
{'pid': 863303, 'username': 'root', 'name': 'kworker/u32:0-events_unbound', 'vms': 0.0}
{'pid': 863675, 'username': 'root', 'name': 'kworker/3:1', 'vms': 0.0}
{'pid': 863703, 'username': 'root', 'name': 'kworker/0:0', 'vms': 0.0}
{'pid': 863803, 'username': 'root', 'name': 'kworker/2:1-kacpi_notify', 'vms': 0.0}
{'pid': 863881, 'username': 'root', 'name': 'kworker/u32:2-btrfs-endio-write', 'vms': 0.0}
{'pid': 864088, 'username': 'root', 'name': 'kworker/7:2-events', 'vms': 0.0}
{'pid': 864090, 'username': 'root', 'name': 'kworker/6:3-kec_query', 'vms': 0.0}
{'pid': 864404, 'username': 'root', 'name': 'kworker/u32:9-btrfs-endio-write', 'vms': 0.0}
{'pid': 864426, 'username': 'root', 'name': 'kworker/6:1-events', 'vms': 0.0}
{'pid': 864591, 'username': 'root', 'name': 'systemd-userwork:', 'vms': 16.25}
{'pid': 864609, 'username': 'root', 'name': 'systemd-userwork:', 'vms': 16.25}
{'pid': 864612, 'username': 'root', 'name': 'systemd-userwork:', 'vms': 16.25}
{'pid': 864617, 'username': 'visawant', 'name': 'python', 'vms': 236.53125}
--------------------------------------------------------------------------------